SpecialKey     xxx guifg=#646568
EndOfBuffer    xxx guifg=#282a2e guibg=#282a2e
TermCursor     xxx cterm=reverse gui=reverse
NonText        xxx guifg=#646568
Directory      xxx ctermfg=14 guifg=#afd787
ErrorMsg       xxx ctermfg=9 gui=bold guifg=#ffd75f
IncSearch      xxx guifg=#31353f guibg=#ffff87
Search         xxx ctermfg=0 ctermbg=11 guifg=#31353f guibg=#5e81ac
CurSearch      xxx ctermfg=0 ctermbg=11 guifg=NvimDarkGrey1 guibg=NvimLightYellow
MoreMsg        xxx ctermfg=14 gui=bold guifg=#87d7ff
ModeMsg        xxx ctermfg=10 guifg=NvimLightGreen
LineNr         xxx guifg=#5c6370
LineNrAbove    xxx links to LineNr
LineNrBelow    xxx links to LineNr
CursorLineNr   xxx cterm=bold guifg=#abb2bf
CursorLineSign xxx links to SignColumn
CursorLineFold xxx links to FoldColumn
Question       xxx ctermfg=14 guifg=#afd787
StatusLine     xxx cterm=reverse guifg=#abb2bf guibg=#3a4248
StatusLineNC   xxx cterm=bold,underline guifg=#5c6370 guibg=#31353f
WinSeparator   xxx links to Normal
VertSplit      xxx guifg=#abb2bf guibg=#282a2e
Title          xxx cterm=bold guifg=#abb2bf guibg=#282a2e
Visual         xxx ctermfg=0 ctermbg=15 guibg=#3a4248
VisualNC       xxx cleared
WarningMsg     xxx ctermfg=11 gui=bold guifg=#ffd75f
WildMenu       xxx guifg=#ffd75f guibg=#5e81ac
Folded         xxx guifg=#646568 guibg=#282a2e
FoldColumn     xxx guifg=#31353f guibg=#282a2e
DiffAdd        xxx ctermfg=0 ctermbg=10 guifg=#87d7ff guibg=#282a2e
DiffChange     xxx guifg=#646568 guibg=#282a2e
DiffDelete     xxx cterm=bold ctermfg=9 guifg=#ffd75f guibg=#282a2e
DiffText       xxx ctermfg=0 ctermbg=14 guifg=#afd787 guibg=#282a2e
DiffTextAdd    xxx links to DiffText
SignColumn     xxx guifg=#abb2bf guibg=#282a2e
Conceal        xxx guifg=#afd787 guibg=#282a2e
SpellBad       xxx cterm=undercurl gui=undercurl guisp=#ffd75f
SpellCap       xxx cterm=undercurl gui=undercurl guisp=#afd787
SpellRare      xxx cterm=undercurl gui=undercurl guisp=#bf616a
SpellLocal     xxx cterm=undercurl gui=undercurl guisp=#5faf5f
Pmenu          xxx cterm=reverse guifg=#abb2bf guibg=#31353f
PmenuSel       xxx cterm=underline,reverse guifg=#31353f guibg=#abb2bf blend=0
PmenuMatch     xxx cterm=bold gui=bold
PmenuMatchSel  xxx cterm=bold gui=bold
PmenuKind      xxx links to Pmenu
PmenuKindSel   xxx links to PmenuSel
PmenuExtra     xxx links to Pmenu
PmenuExtraSel  xxx links to PmenuSel
PmenuSbar      xxx guifg=#abb2bf guibg=#31353f
PmenuThumb     xxx guifg=#abb2bf guibg=#31353f
PmenuBorder    xxx links to Pmenu
TabLine        xxx guifg=#646568 guibg=#31353f
TabLineSel     xxx guifg=#87d7ff guibg=#31353f
TabLineFill    xxx guifg=#646568 guibg=#31353f
CursorColumn   xxx guibg=#31353f
CursorLine     xxx guibg=#31353f
ColorColumn    xxx cterm=reverse guibg=#31353f
QuickFixLine   xxx ctermfg=14 gui=underline guibg=#31353f
Whitespace     xxx guifg=#5c6370
NormalNC       xxx cleared
MsgSeparator   xxx links to StatusLine
NormalFloat    xxx guifg=#abb2bf guibg=#31353f
MsgArea        xxx cleared
FloatBorder    xxx guifg=#abb2bf guibg=#31353f
WinBar         xxx cterm=bold gui=bold guifg=NvimLightGrey4 guibg=NvimDarkGrey1
WinBarNC       xxx cterm=bold guifg=NvimLightGrey4 guibg=NvimDarkGrey1
Cursor         xxx gui=reverse
FloatTitle     xxx links to Title
FloatFooter    xxx links to FloatTitle
StatusLineTerm xxx guifg=#abb2bf guibg=#3a4248
StatusLineTermNC xxx guifg=#5c6370 guibg=#31353f
StderrMsg      xxx links to ErrorMsg
StdoutMsg      xxx cleared
OkMsg          xxx ctermfg=10 guifg=NvimLightGreen
PreInsert      xxx links to Added
RedrawDebugNormal xxx cterm=reverse gui=reverse
Underlined     xxx cterm=underline gui=underline
lCursor        xxx gui=reverse
CursorIM       xxx gui=reverse
PmenuShadow    xxx links to FloatShadow
FloatShadow    xxx ctermbg=0 guibg=NvimDarkGrey4 blend=80
PmenuShadowThrough xxx links to FloatShadowThrough
FloatShadowThrough xxx ctermbg=0 guibg=NvimDarkGrey4 blend=100
Added          xxx ctermfg=10 guifg=NvimLightGreen
ComplMatchIns  xxx cleared
ComplHint      xxx links to NonText
ComplHintMore  xxx links to MoreMsg
Substitute     xxx guifg=#31353f guibg=#5e81ac
VisualNOS      xxx gui=underline guifg=#87d7ff guibg=#3a4248
Normal         xxx guifg=#abb2bf guibg=#282a2e
Character      xxx guifg=#afd787
Constant       xxx guifg=#ffff87
Number         xxx guifg=#afd787
Boolean        xxx guifg=#afd787
Float          xxx guifg=#afd787
Conditional    xxx guifg=#ffd75f
Statement      xxx cterm=bold guifg=#ffd75f
Repeat         xxx guifg=#ffd75f
Label          xxx guifg=#bf616a
Keyword        xxx guifg=#5e81ac
Exception      xxx guifg=#bf616a
Include        xxx guifg=#bf616a
PreProc        xxx guifg=#bf616a
Define         xxx guifg=#bf616a
Macro          xxx guifg=#bf616a
PreCondit      xxx guifg=#bf616a
StorageClass   xxx guifg=#ffd75f
Type           xxx guifg=#abb2bf guibg=#282a2e
Structure      xxx guifg=#abb2bf guibg=#282a2e
Typedef        xxx guifg=#abb2bf guibg=#282a2e
Tag            xxx guifg=#abb2bf guibg=#282a2e
Special        xxx ctermfg=14 guifg=#bf616a
SpecialChar    xxx guifg=#bf616a
SpecialComment xxx guifg=#646568
Debug          xxx guifg=#ffd75f
Ignore         xxx links to Normal
LspCodeLens    xxx cleared
LspCodeLensSeparator xxx guifg=#646568
LspInlayHint   xxx links to NonText
LspReferenceRead xxx gui=underline guisp=#ffff87
LspReferenceText xxx gui=underline guisp=#ffff87
LspReferenceWrite xxx gui=underline guisp=#ffff87
LspReferenceTarget xxx links to LspReferenceText
LspSignatureActiveParameter xxx gui=bold guibg=#434c5e
SnippetTabstop xxx links to Visual
SnippetTabstopActive xxx links to SnippetTabstop
DiagnosticFloatingError xxx guifg=#d75f5f
DiagnosticError xxx ctermfg=9 guifg=#d75f5f
DiagnosticFloatingWarn xxx cleared
DiagnosticWarn xxx ctermfg=11
DiagnosticFloatingInfo xxx guifg=#5faf5f
DiagnosticInfo xxx ctermfg=14 guifg=#5faf5f
DiagnosticFloatingHint xxx guifg=#b988b0
DiagnosticHint xxx ctermfg=12 guifg=#b988b0
DiagnosticFloatingOk xxx links to DiagnosticOk
DiagnosticOk   xxx ctermfg=10 guifg=NvimLightGreen
DiagnosticVirtualTextError xxx guifg=#d75f5f
DiagnosticVirtualTextWarn xxx cleared
DiagnosticVirtualTextInfo xxx guifg=#5faf5f
DiagnosticVirtualTextHint xxx guifg=#b988b0
DiagnosticVirtualTextOk xxx links to DiagnosticOk
DiagnosticVirtualLinesError xxx links to DiagnosticError
DiagnosticVirtualLinesWarn xxx links to DiagnosticWarn
DiagnosticVirtualLinesInfo xxx links to DiagnosticInfo
DiagnosticVirtualLinesHint xxx links to DiagnosticHint
DiagnosticVirtualLinesOk xxx links to DiagnosticOk
DiagnosticSignError xxx guifg=#d75f5f
DiagnosticSignWarn xxx cleared
DiagnosticSignInfo xxx guifg=#5faf5f
DiagnosticSignHint xxx guifg=#b988b0
DiagnosticSignOk xxx links to DiagnosticOk
DiagnosticUnnecessary xxx links to Comment
Comment        xxx guifg=#646568
@variable      xxx guifg=NvimLightGrey2
@variable.builtin xxx links to Special
@variable.parameter.builtin xxx links to Special
@constant      xxx guifg=#ffff87
@constant.builtin xxx guifg=#ffff87
@module        xxx guifg=#afd787
@module.builtin xxx links to Special
@label         xxx links to Label
@string        xxx guifg=#5faf5f
String         xxx ctermfg=10 guifg=#5faf5f
@string.regexp xxx links to @string.special
@string.special xxx links to SpecialChar
@string.escape xxx guifg=#ffd75f
@string.special.url xxx links to Underlined
@character     xxx guifg=#afd787
@character.special xxx links to SpecialChar
@boolean       xxx guifg=#afd787
@number        xxx guifg=#afd787
@number.float  xxx links to Float
@type          xxx links to Type
@type.builtin  xxx guifg=#e85b7a
@attribute     xxx guifg=#bf616a
@attribute.builtin xxx links to Special
@property      xxx links to Identifier
Identifier     xxx ctermfg=12 guifg=#e9e8d2
@function      xxx guifg=#87d7ff
Function       xxx ctermfg=14 guifg=#87d7ff
@function.builtin xxx guifg=#87d7ff
@constructor   xxx guifg=#87d7ff
@operator      xxx guifg=#e9e8d2
Operator       xxx guifg=#e9e8d2
@keyword       xxx guifg=#5e81ac
@punctuation   xxx guifg=#5e81ac
Delimiter      xxx guifg=#5e81ac
@punctuation.special xxx guifg=#5e81ac
@comment       xxx guifg=#646568
@comment.error xxx links to DiagnosticError
@comment.warning xxx links to DiagnosticWarn
@comment.note  xxx links to DiagnosticInfo
@comment.todo  xxx links to Todo
Todo           xxx cterm=bold guifg=#5e81ac guibg=#31353f
@markup        xxx links to Special
@markup.strong xxx cterm=bold gui=bold
@markup.italic xxx cterm=italic gui=italic
@markup.strikethrough xxx cterm=strikethrough gui=strikethrough
@markup.underline xxx cterm=underline gui=underline
@markup.heading xxx links to Title
@markup.link   xxx links to Underlined
@diff          xxx cleared
@diff.plus     xxx links to Added
@diff.minus    xxx links to Removed
Removed        xxx ctermfg=9 guifg=NvimLightRed
@diff.delta    xxx links to Changed
Changed        xxx ctermfg=14 guifg=NvimLightCyan
@tag           xxx links to Tag
@tag.builtin   xxx links to Special
@markup.heading.1.delimiter.vimdoc xxx cterm=underdouble,nocombine gui=underdouble,nocombine guifg=bg guibg=bg guisp=fg
@markup.heading.2.delimiter.vimdoc xxx cterm=underline,nocombine gui=underline,nocombine guifg=bg guibg=bg guisp=fg
@lsp           xxx cleared
@lsp.type.class xxx cleared
@lsp.type.comment xxx cleared
@lsp.type.decorator xxx cleared
@lsp.type.enum xxx cleared
@lsp.type.enumMember xxx cleared
@lsp.type.event xxx cleared
@lsp.type.function xxx cleared
@lsp.type.interface xxx cleared
@lsp.type.keyword xxx cleared
@lsp.type.macro xxx cleared
@constant.macro xxx guifg=#bf616a
@lsp.type.method xxx cleared
@lsp.type.modifier xxx cleared
@type.qualifier xxx guifg=#ffd75f
@lsp.type.namespace xxx cleared
@lsp.type.number xxx cleared
@lsp.type.operator xxx cleared
@lsp.type.parameter xxx cleared
@lsp.type.property xxx cleared
@lsp.type.regexp xxx cleared
@lsp.type.string xxx cleared
@lsp.type.struct xxx cleared
@lsp.type.type xxx cleared
@lsp.type.typeParameter xxx cleared
@type.definition xxx guifg=#e85b7a
@lsp.type.variable xxx cleared
@lsp.mod.deprecated xxx cleared
DiagnosticDeprecated xxx cterm=strikethrough gui=strikethrough guisp=NvimLightRed
MatchParen     xxx cterm=bold,underline guibg=#646568
RedrawDebugClear xxx ctermfg=0 ctermbg=11 guibg=NvimDarkYellow
RedrawDebugComposed xxx ctermfg=0 ctermbg=10 guibg=NvimDarkGreen
RedrawDebugRecompose xxx ctermfg=0 ctermbg=9 guibg=NvimDarkRed
Error          xxx ctermfg=0 ctermbg=9 guifg=#d75f5f
DiagnosticUnderlineError xxx cterm=underline guisp=#d75f5f
DiagnosticUnderlineWarn xxx cterm=underline
DiagnosticUnderlineInfo xxx cterm=underline guisp=#5faf5f
DiagnosticUnderlineHint xxx cterm=underline guisp=#b988b0
DiagnosticUnderlineOk xxx cterm=underline gui=underline guisp=NvimLightGreen
NvimInternalError xxx ctermfg=9 ctermbg=9 guifg=Red guibg=Red
NvimAssignment xxx links to Operator
NvimPlainAssignment xxx links to NvimAssignment
NvimAugmentedAssignment xxx links to NvimAssignment
NvimAssignmentWithAddition xxx links to NvimAugmentedAssignment
NvimAssignmentWithSubtraction xxx links to NvimAugmentedAssignment
NvimAssignmentWithConcatenation xxx links to NvimAugmentedAssignment
NvimOperator   xxx links to Operator
NvimUnaryOperator xxx links to NvimOperator
NvimUnaryPlus  xxx links to NvimUnaryOperator
NvimUnaryMinus xxx links to NvimUnaryOperator
NvimNot        xxx links to NvimUnaryOperator
NvimBinaryOperator xxx links to NvimOperator
NvimComparison xxx links to NvimBinaryOperator
NvimComparisonModifier xxx links to NvimComparison
NvimBinaryPlus xxx links to NvimBinaryOperator
NvimBinaryMinus xxx links to NvimBinaryOperator
NvimConcat     xxx links to NvimBinaryOperator
NvimConcatOrSubscript xxx links to NvimConcat
NvimOr         xxx links to NvimBinaryOperator
NvimAnd        xxx links to NvimBinaryOperator
NvimMultiplication xxx links to NvimBinaryOperator
NvimDivision   xxx links to NvimBinaryOperator
NvimMod        xxx links to NvimBinaryOperator
NvimTernary    xxx links to NvimOperator
NvimTernaryColon xxx links to NvimTernary
NvimParenthesis xxx links to Delimiter
NvimLambda     xxx links to NvimParenthesis
NvimNestingParenthesis xxx links to NvimParenthesis
NvimCallingParenthesis xxx links to NvimParenthesis
NvimSubscript  xxx links to NvimParenthesis
NvimSubscriptBracket xxx links to NvimSubscript
NvimSubscriptColon xxx links to NvimSubscript
NvimCurly      xxx links to NvimSubscript
NvimContainer  xxx links to NvimParenthesis
NvimDict       xxx links to NvimContainer
NvimList       xxx links to NvimContainer
NvimIdentifier xxx links to Identifier
NvimIdentifierScope xxx links to NvimIdentifier
NvimIdentifierScopeDelimiter xxx links to NvimIdentifier
NvimIdentifierName xxx links to NvimIdentifier
NvimIdentifierKey xxx links to NvimIdentifier
NvimColon      xxx links to Delimiter
NvimComma      xxx links to Delimiter
NvimArrow      xxx links to Delimiter
NvimRegister   xxx links to SpecialChar
NvimNumber     xxx links to Number
NvimFloat      xxx links to NvimNumber
NvimNumberPrefix xxx links to Type
NvimOptionSigil xxx links to Type
NvimOptionName xxx links to NvimIdentifier
NvimOptionScope xxx links to NvimIdentifierScope
NvimOptionScopeDelimiter xxx links to NvimIdentifierScopeDelimiter
NvimEnvironmentSigil xxx links to NvimOptionSigil
NvimEnvironmentName xxx links to NvimIdentifier
NvimString     xxx links to String
NvimStringBody xxx links to NvimString
NvimStringQuote xxx links to NvimString
NvimStringSpecial xxx links to SpecialChar
NvimSingleQuote xxx links to NvimStringQuote
NvimSingleQuotedBody xxx links to NvimStringBody
NvimSingleQuotedQuote xxx links to NvimStringSpecial
NvimDoubleQuote xxx links to NvimStringQuote
NvimDoubleQuotedBody xxx links to NvimStringBody
NvimDoubleQuotedEscape xxx links to NvimStringSpecial
NvimFigureBrace xxx links to NvimInternalError
NvimSingleQuotedUnknownEscape xxx links to NvimInternalError
NvimSpacing    xxx links to Normal
NvimInvalidSingleQuotedUnknownEscape xxx links to NvimInternalError
NvimInvalid    xxx links to Error
NvimInvalidAssignment xxx links to NvimInvalid
NvimInvalidPlainAssignment xxx links to NvimInvalidAssignment
NvimInvalidAugmentedAssignment xxx links to NvimInvalidAssignment
NvimInvalidAssignmentWithAddition xxx links to NvimInvalidAugmentedAssignment
NvimInvalidAssignmentWithSubtraction xxx links to NvimInvalidAugmentedAssignment
NvimInvalidAssignmentWithConcatenation xxx links to NvimInvalidAugmentedAssignment
NvimInvalidOperator xxx links to NvimInvalid
NvimInvalidUnaryOperator xxx links to NvimInvalidOperator
NvimInvalidUnaryPlus xxx links to NvimInvalidUnaryOperator
NvimInvalidUnaryMinus xxx links to NvimInvalidUnaryOperator
NvimInvalidNot xxx links to NvimInvalidUnaryOperator
NvimInvalidBinaryOperator xxx links to NvimInvalidOperator
NvimInvalidComparison xxx links to NvimInvalidBinaryOperator
NvimInvalidComparisonModifier xxx links to NvimInvalidComparison
NvimInvalidBinaryPlus xxx links to NvimInvalidBinaryOperator
NvimInvalidBinaryMinus xxx links to NvimInvalidBinaryOperator
NvimInvalidConcat xxx links to NvimInvalidBinaryOperator
NvimInvalidConcatOrSubscript xxx links to NvimInvalidConcat
NvimInvalidOr  xxx links to NvimInvalidBinaryOperator
NvimInvalidAnd xxx links to NvimInvalidBinaryOperator
NvimInvalidMultiplication xxx links to NvimInvalidBinaryOperator
NvimInvalidDivision xxx links to NvimInvalidBinaryOperator
NvimInvalidMod xxx links to NvimInvalidBinaryOperator
NvimInvalidTernary xxx links to NvimInvalidOperator
NvimInvalidTernaryColon xxx links to NvimInvalidTernary
NvimInvalidDelimiter xxx links to NvimInvalid
NvimInvalidParenthesis xxx links to NvimInvalidDelimiter
NvimInvalidLambda xxx links to NvimInvalidParenthesis
NvimInvalidNestingParenthesis xxx links to NvimInvalidParenthesis
NvimInvalidCallingParenthesis xxx links to NvimInvalidParenthesis
NvimInvalidSubscript xxx links to NvimInvalidParenthesis
NvimInvalidSubscriptBracket xxx links to NvimInvalidSubscript
NvimInvalidSubscriptColon xxx links to NvimInvalidSubscript
NvimInvalidCurly xxx links to NvimInvalidSubscript
NvimInvalidContainer xxx links to NvimInvalidParenthesis
NvimInvalidDict xxx links to NvimInvalidContainer
NvimInvalidList xxx links to NvimInvalidContainer
NvimInvalidValue xxx links to NvimInvalid
NvimInvalidIdentifier xxx links to NvimInvalidValue
NvimInvalidIdentifierScope xxx links to NvimInvalidIdentifier
NvimInvalidIdentifierScopeDelimiter xxx links to NvimInvalidIdentifier
NvimInvalidIdentifierName xxx links to NvimInvalidIdentifier
NvimInvalidIdentifierKey xxx links to NvimInvalidIdentifier
NvimInvalidColon xxx links to NvimInvalidDelimiter
NvimInvalidComma xxx links to NvimInvalidDelimiter
NvimInvalidArrow xxx links to NvimInvalidDelimiter
NvimInvalidRegister xxx links to NvimInvalidValue
NvimInvalidNumber xxx links to NvimInvalidValue
NvimInvalidFloat xxx links to NvimInvalidNumber
NvimInvalidNumberPrefix xxx links to NvimInvalidNumber
NvimInvalidOptionSigil xxx links to NvimInvalidIdentifier
NvimInvalidOptionName xxx links to NvimInvalidIdentifier
NvimInvalidOptionScope xxx links to NvimInvalidIdentifierScope
NvimInvalidOptionScopeDelimiter xxx links to NvimInvalidIdentifierScopeDelimiter
NvimInvalidEnvironmentSigil xxx links to NvimInvalidOptionSigil
NvimInvalidEnvironmentName xxx links to NvimInvalidIdentifier
NvimInvalidString xxx links to NvimInvalidValue
NvimInvalidStringBody xxx links to NvimStringBody
NvimInvalidStringQuote xxx links to NvimInvalidString
NvimInvalidStringSpecial xxx links to NvimStringSpecial
NvimInvalidSingleQuote xxx links to NvimInvalidStringQuote
NvimInvalidSingleQuotedBody xxx links to NvimInvalidStringBody
NvimInvalidSingleQuotedQuote xxx links to NvimInvalidStringSpecial
NvimInvalidDoubleQuote xxx links to NvimInvalidStringQuote
NvimInvalidDoubleQuotedBody xxx links to NvimInvalidStringBody
NvimInvalidDoubleQuotedEscape xxx links to NvimInvalidStringSpecial
NvimInvalidDoubleQuotedUnknownEscape xxx links to NvimInvalidValue
NvimInvalidFigureBrace xxx links to NvimInvalidDelimiter
NvimInvalidSpacing xxx links to ErrorMsg
NvimDoubleQuotedUnknownEscape xxx links to NvimInvalidValue
TrailingWhitespace xxx guibg=LightRed
Terminal       xxx guifg=#abb2bf guibg=#282a2e
DiffIndexLine  xxx guifg=#b988b0
DiffFile       xxx guifg=#5e81ac
DiffRemoved    xxx guifg=#bf616a
DiffAdded      xxx guifg=#5faf5f
iCursor        xxx gui=reverse
vCursor        xxx gui=reverse
ToolbarLine    xxx guifg=#abb2bf
ToolbarButton  xxx guifg=#282a2e
debugBreakpoint xxx guifg=#ffd75f
debugPC        xxx guifg=#ffd75f
@field         xxx guifg=#e85b7a
@exception     xxx guifg=#bf616a
@error         xxx guifg=#d75f5f
@define        xxx guifg=#bf616a
@conditional   xxx guifg=#ffd75f
@text          xxx cleared
@text.warning  xxx guifg=#282a2e guibg=#ffaf5f
@text.note     xxx guifg=#282a2e guibg=#afd787
@text.danger   xxx guifg=#e9e8d2 guibg=#d75f5f
@text.todo     xxx guifg=#e9e8d2 guibg=#5e81ac
@storageclass  xxx guifg=#ffd75f
@string.regex  xxx guifg=#ffd75f
@repeat        xxx guifg=#ffd75f
@punctuation.bracket xxx guifg=#5e81ac
@punctuation.delimiter xxx guifg=#5e81ac
@parameter     xxx guifg=#e9e8d2
@namespace     xxx guifg=#afd787
@method        xxx guifg=#87d7ff
@macro         xxx guifg=#bf616a
@keyword.conditional xxx guifg=#ffd75f
@keyword.modifier xxx guifg=#ffd75f
@keyword.import xxx guifg=#bf616a
@keyword.return xxx guifg=#ffd75f
@include       xxx guifg=#bf616a
@function.macro xxx guifg=#bf616a
@float         xxx guifg=#afd787
TelescopeSelectionCaret xxx guifg=#5e81ac
TelescopeSelection xxx guifg=#5e81ac guibg=#3a4248
TelescopePromptPrefix xxx guifg=#5faf5f
TelescopeMatching xxx gui=bold guifg=#ffd75f
TelescopePreviewBorder xxx guifg=#87d7ff
TelescopeResultsBorder xxx guifg=#87d7ff
TelescopePromptBorder xxx guifg=#87d7ff
TelescopeBorder xxx guifg=#abb2bf
TelescopeNormal xxx guifg=#abb2bf guibg=#282a2e
HopUnmatched   xxx guifg=#646568
HopNextKey2    xxx guifg=#5e81ac
HopNextKey1    xxx gui=bold guifg=#88c0d0
HopNextKey     xxx gui=bold guifg=#e9e8d2
IndentBlanklineSpaceChar xxx gui=nocombine guifg=#646568
IndentBlanklineChar xxx gui=nocombine guifg=#3a4248
IndentBlanklineContextStart xxx gui=underline guisp=#b988b0
IndentBlanklineContextChar xxx gui=nocombine guifg=#b988b0
IndentBlanklineSpaceCharBlankline xxx gui=nocombine guifg=#646568
CmpItemKindTypeParameter xxx guifg=#ffff87
CmpItemKindStruct xxx guifg=#ffff87
CmpItemKindConstant xxx guifg=#ebcb8b
CmpItemKindEnumMember xxx guifg=#88c0d0
CmpItemKindFile xxx guifg=#5e81ac
CmpItemKindSnippet xxx guifg=#5faf5f
CmpItemKindKeyword xxx guifg=#b988b0
CmpItemKindEnum xxx guifg=#ffff87
CmpItemKindValue xxx guifg=#ebcb8b
CmpItemKindProperty xxx guifg=#5e81ac
CmpItemKindModule xxx guifg=#5e81ac
CmpItemKindInterface xxx guifg=#ffff87
CmpItemKindClass xxx guifg=#ffff87
CmpItemKindField xxx guifg=#5e81ac
CmpItemKindConstructor xxx guifg=#ffff87
CmpItemKindFunction xxx guifg=#5e81ac
CmpItemKindMethod xxx guifg=#5e81ac
CmpItemKindText xxx guifg=#ebcb8b
CmpItemMenu    xxx guifg=#6c7a96
CmpItemAbbrMatchFuzzy xxx guifg=#5e81ac
CmpItemAbbrMatch xxx gui=bold guifg=#5e81ac
CmpItemAbbrDeprecated xxx guifg=#abb2bf
CmpItemAbbr    xxx guifg=#abb2bf
LspCxxHlSkippedRegionBeginEnd xxx cleared
LspCxxHlSkippedRegion xxx cleared
LspCxxHlGroupNamespace xxx cleared
LspCxxHlGroupMemberVariable xxx cleared
LspCxxHlGroupEnumConstant xxx cleared
LspDiagnosticsUnderlineHint xxx guisp=#b988b0
LspDiagnosticsVirtualTextHint xxx guifg=#b988b0
LspDiagnosticsFloatingHint xxx guifg=#b988b0
LspDiagnosticsSignHint xxx guifg=#b988b0
LspDiagnosticsDefaultHint xxx guifg=#b988b0
LspDiagnosticsUnderlineInformation xxx guisp=#5faf5f
LspDiagnosticsVirtualTextInformation xxx guifg=#5faf5f
LspDiagnosticsFloatingInformation xxx guifg=#5faf5f
LspDiagnosticsSignInformation xxx guifg=#5faf5f
LspDiagnosticsDefaultInformation xxx guifg=#5faf5f
LspDiagnosticsUnderlineWarning xxx cleared
LspDiagnosticsVirtualTextWarning xxx cleared
LspDiagnosticsFloatingWarning xxx cleared
LspDiagnosticsSignWarning xxx cleared
LspDiagnosticsDefaultWarning xxx cleared
LspDiagnosticsUnderlineError xxx guisp=#d75f5f
LspDiagnosticsVirtualTextError xxx guifg=#d75f5f
LspDiagnosticsFloatingError xxx guifg=#d75f5f
LspDiagnosticsSignError xxx guifg=#d75f5f
LspDiagnosticsDefaultError xxx guifg=#d75f5f
diffLine       xxx guifg=#6c7a96
diffNewFile    xxx guifg=#ebcb8b
diffOldFile    xxx guifg=#ffff87
diffChanged    xxx guifg=#5e81ac
GitSignsChangeLn xxx guifg=#5e81ac
GitSignsChangeNr xxx guifg=#5e81ac
GitSignsChange xxx guifg=#5e81ac
GitSignsAddLn  xxx guifg=#5faf5f
GitSignsAddNr  xxx guifg=#5faf5f
GitSignsAdd    xxx guifg=#5faf5f
GitSignsDeleteLn xxx guifg=#bf616a
GitSignsDeleteNr xxx guifg=#bf616a
GitSignsDelete xxx guifg=#bf616a
markWord1      xxx guifg=#1d1f21 guibg=#8ccbea
markWord2      xxx guifg=#1d1f21 guibg=#a4e57e
markWord3      xxx guifg=#1d1f21 guibg=#ffd872
markWord4      xxx guifg=#1d1f21 guibg=#ff7272
markWord5      xxx guifg=#1d1f21 guibg=#ffb3ff
markWord6      xxx guifg=#1d1f21 guibg=#9999ff
markWord7      xxx guifg=#1d1f21 guibg=#c5c8c6
lualine_transparent xxx gui=nocombine guifg=#abb2bf guibg=#282a2e
lualine_a_command xxx gui=bold,nocombine guifg=#282a2e guibg=#ffff87
lualine_b_command xxx gui=nocombine guibg=#3f4758
lualine_a_visual xxx gui=bold,nocombine guifg=#282a2e guibg=#b988b0
lualine_b_visual xxx gui=nocombine guifg=#b988b0 guibg=#3f4758
lualine_a_replace xxx gui=bold,nocombine guifg=#282a2e guibg=#bf616a
lualine_b_replace xxx gui=nocombine guifg=#bf616a guibg=#3f4758
lualine_a_inactive xxx gui=bold,nocombine guifg=#88c0d0 guibg=#3b4252
lualine_b_inactive xxx gui=nocombine guifg=#88c0d0 guibg=#3b4252
lualine_c_inactive xxx gui=nocombine guifg=#88c0d0 guibg=#353b49
lualine_a_insert xxx gui=bold,nocombine guifg=#282a2e guibg=#afd787
lualine_b_insert xxx gui=nocombine guifg=#afd787 guibg=#3f4758
lualine_a_normal xxx gui=bold,nocombine guifg=#282a2e guibg=#87d7ff
lualine_b_normal xxx gui=nocombine guifg=#88c0d0 guibg=#3f4758
lualine_c_normal xxx gui=nocombine guifg=#abb2bf guibg=#353b49
lualine_x_diagnostics_error_normal xxx gui=nocombine guifg=#d75f5f guibg=#353b49
lualine_x_diagnostics_error_insert xxx gui=nocombine guifg=#d75f5f guibg=#353b49
lualine_x_diagnostics_error_visual xxx gui=nocombine guifg=#d75f5f guibg=#353b49
lualine_x_diagnostics_error_replace xxx gui=nocombine guifg=#d75f5f guibg=#353b49
lualine_x_diagnostics_error_command xxx gui=nocombine guifg=#d75f5f guibg=#353b49
lualine_x_diagnostics_error_terminal xxx gui=nocombine guifg=#d75f5f guibg=#353b49
lualine_x_diagnostics_error_inactive xxx gui=nocombine guifg=#d75f5f guibg=#353b49
lualine_x_diagnostics_warn_normal xxx gui=nocombine guifg=#afd787 guibg=#353b49
lualine_x_diagnostics_warn_insert xxx gui=nocombine guifg=#afd787 guibg=#353b49
lualine_x_diagnostics_warn_visual xxx gui=nocombine guifg=#afd787 guibg=#353b49
lualine_x_diagnostics_warn_replace xxx gui=nocombine guifg=#afd787 guibg=#353b49
lualine_x_diagnostics_warn_command xxx gui=nocombine guifg=#afd787 guibg=#353b49
lualine_x_diagnostics_warn_terminal xxx gui=nocombine guifg=#afd787 guibg=#353b49
lualine_x_diagnostics_warn_inactive xxx gui=nocombine guifg=#afd787 guibg=#353b49
lualine_x_diagnostics_info_normal xxx gui=nocombine guifg=#5faf5f guibg=#353b49
lualine_x_diagnostics_info_insert xxx gui=nocombine guifg=#5faf5f guibg=#353b49
lualine_x_diagnostics_info_visual xxx gui=nocombine guifg=#5faf5f guibg=#353b49
lualine_x_diagnostics_info_replace xxx gui=nocombine guifg=#5faf5f guibg=#353b49
lualine_x_diagnostics_info_command xxx gui=nocombine guifg=#5faf5f guibg=#353b49
lualine_x_diagnostics_info_terminal xxx gui=nocombine guifg=#5faf5f guibg=#353b49
lualine_x_diagnostics_info_inactive xxx gui=nocombine guifg=#5faf5f guibg=#353b49
lualine_x_diagnostics_hint_normal xxx gui=nocombine guifg=#b988b0 guibg=#353b49
lualine_x_diagnostics_hint_insert xxx gui=nocombine guifg=#b988b0 guibg=#353b49
lualine_x_diagnostics_hint_visual xxx gui=nocombine guifg=#b988b0 guibg=#353b49
lualine_x_diagnostics_hint_replace xxx gui=nocombine guifg=#b988b0 guibg=#353b49
lualine_x_diagnostics_hint_command xxx gui=nocombine guifg=#b988b0 guibg=#353b49
lualine_x_diagnostics_hint_terminal xxx gui=nocombine guifg=#b988b0 guibg=#353b49
lualine_x_diagnostics_hint_inactive xxx gui=nocombine guifg=#b988b0 guibg=#353b49
CodeCompanionChatError xxx links to DiagnosticError
CodeCompanionChatFold xxx links to @markup.quote.markdown
CodeCompanionChatHeader xxx links to @markup.heading.2.markdown
CodeCompanionChatInfo xxx links to DiagnosticInfo
CodeCompanionChatSeparator xxx links to @punctuation.special.markdown
CodeCompanionChatSubtext xxx links to Comment
CodeCompanionChatTokens xxx links to Comment
CodeCompanionChatTool xxx links to Special
CodeCompanionChatToolFailure xxx links to DiagnosticError
CodeCompanionChatToolFailureIcon xxx links to Error
CodeCompanionChatToolGroup xxx links to Constant
CodeCompanionChatToolInProgress xxx links to DiagnosticInfo
CodeCompanionChatToolInProgressIcon xxx links to DiagnosticInfo
CodeCompanionChatToolPending xxx links to DiagnosticWarn
CodeCompanionChatToolPendingIcon xxx links to DiagnosticWarn
CodeCompanionChatToolSuccess xxx links to DiagnosticOk
CodeCompanionChatToolSuccessIcon xxx links to DiagnosticOk
CodeCompanionChatToolText xxx links to Comment
CodeCompanionChatEditorContext xxx links to Identifier
CodeCompanionChatWarn xxx links to DiagnosticWarn
CodeCompanionDiffAdd xxx links to DiffAdd
CodeCompanionDiffDelete xxx links to DiffDelete
CodeCompanionDiffText xxx links to DiffText
DiffTextDelete xxx cleared
CodeCompanionDiffTextDelete xxx links to DiffTextDelete
CodeCompanionDiffBanner xxx links to DiagnosticHint
CodeCompanionDiffBannerInline xxx links to Comment
CodeCompanionCLIPath xxx links to Include
CodeCompanionVirtualText xxx links to Comment
TelescopePreviewSocket xxx links to Statement
TelescopePreviewLink xxx links to Special
TelescopePreviewBlock xxx links to Constant
TelescopePreviewDirectory xxx links to Directory
TelescopePreviewCharDev xxx links to Constant
TelescopePreviewPipe xxx links to Constant
TelescopePreviewMatch xxx links to Search
TelescopePreviewLine xxx links to Visual
TelescopeTitle xxx links to TelescopeBorder
TelescopeResultsTitle xxx links to TelescopeTitle
TelescopePromptTitle xxx links to TelescopeTitle
TelescopeResultsNormal xxx links to TelescopeNormal
TelescopePromptNormal xxx links to TelescopeNormal
TelescopeMultiIcon xxx links to Identifier
TelescopeMultiSelection xxx links to Type
TelescopePreviewTitle xxx links to TelescopeTitle
TelescopePromptCounter xxx links to NonText
TelescopeResultsDiffUntracked xxx links to NonText
TelescopeResultsDiffDelete xxx links to DiffDelete
TelescopeResultsDiffAdd xxx links to DiffAdd
TelescopeResultsDiffChange xxx links to DiffChange
TelescopeResultsSpecialComment xxx links to SpecialComment
TelescopeResultsComment xxx links to Comment
TelescopeResultsNumber xxx links to Number
TelescopeResultsIdentifier xxx links to Identifier
TelescopeResultsLineNr xxx links to LineNr
TelescopeResultsVariable xxx links to SpecialChar
Struct         xxx cleared
TelescopeResultsStruct xxx links to Struct
TelescopeResultsOperator xxx links to Operator
Method         xxx cleared
TelescopeResultsMethod xxx links to Method
TelescopeResultsFunction xxx links to Function
TelescopeResultsField xxx links to Function
TelescopeResultsConstant xxx links to Constant
TelescopeResultsClass xxx links to Function
TelescopePreviewMessage xxx links to TelescopePreviewNormal
TelescopePreviewMessageFillchar xxx links to TelescopePreviewMessage
TelescopePreviewNormal xxx links to TelescopeNormal
TelescopePreviewDate xxx links to Directory
TelescopePreviewGroup xxx links to Constant
TelescopePreviewUser xxx links to Constant
TelescopePreviewSize xxx links to String
TelescopePreviewSticky xxx links to Keyword
TelescopePreviewHyphen xxx links to NonText
TelescopePreviewExecute xxx links to String
TelescopePreviewWrite xxx links to Statement
TelescopePreviewRead xxx links to Constant
lualine_x_terminal xxx cleared
lualine_x_inactive xxx cleared
lualine_x_normal xxx cleared
lualine_x_insert xxx cleared
lualine_x_visual xxx cleared
lualine_x_replace xxx cleared
lualine_x_command xxx cleared
lualine_transitional_lualine_a_normal_to_lualine_b_normal xxx gui=nocombine guifg=#87d7ff guibg=#3f4758
lualine_transitional_lualine_b_normal_to_lualine_c_normal xxx gui=nocombine guifg=#3f4758 guibg=#353b49
BlinkCmpLabelDeprecated xxx links to PmenuExtra
BlinkCmpLabelDetail xxx links to PmenuExtra
BlinkCmpLabelDescription xxx links to PmenuExtra
BlinkCmpSource xxx links to PmenuExtra
BlinkCmpKind   xxx links to PmenuKind
BlinkCmpKindText xxx links to BlinkCmpKind
BlinkCmpKindMethod xxx links to BlinkCmpKind
BlinkCmpKindFunction xxx links to BlinkCmpKind
BlinkCmpKindConstructor xxx links to BlinkCmpKind
BlinkCmpKindField xxx links to BlinkCmpKind
BlinkCmpKindVariable xxx links to BlinkCmpKind
BlinkCmpKindClass xxx links to BlinkCmpKind
BlinkCmpKindInterface xxx links to BlinkCmpKind
BlinkCmpKindModule xxx links to BlinkCmpKind
BlinkCmpKindProperty xxx links to BlinkCmpKind
BlinkCmpKindUnit xxx links to BlinkCmpKind
BlinkCmpKindValue xxx links to BlinkCmpKind
BlinkCmpKindEnum xxx links to BlinkCmpKind
BlinkCmpKindKeyword xxx links to BlinkCmpKind
BlinkCmpKindSnippet xxx links to BlinkCmpKind
BlinkCmpKindColor xxx links to BlinkCmpKind
BlinkCmpKindFile xxx links to BlinkCmpKind
BlinkCmpKindReference xxx links to BlinkCmpKind
BlinkCmpKindFolder xxx links to BlinkCmpKind
BlinkCmpKindEnumMember xxx links to BlinkCmpKind
BlinkCmpKindConstant xxx links to BlinkCmpKind
BlinkCmpKindStruct xxx links to BlinkCmpKind
BlinkCmpKindEvent xxx links to BlinkCmpKind
BlinkCmpKindOperator xxx links to BlinkCmpKind
BlinkCmpKindTypeParameter xxx links to BlinkCmpKind
BlinkCmpScrollBarThumb xxx links to PmenuThumb
BlinkCmpScrollBarGutter xxx links to PmenuSbar
BlinkCmpGhostText xxx links to NonText
BlinkCmpMenu   xxx links to Pmenu
BlinkCmpMenuBorder xxx links to Pmenu
BlinkCmpMenuSelection xxx links to PmenuSel
BlinkCmpDoc    xxx links to NormalFloat
BlinkCmpDocBorder xxx links to NormalFloat
BlinkCmpDocSeparator xxx links to NormalFloat
BlinkCmpDocCursorLine xxx links to Visual
BlinkCmpSignatureHelp xxx links to NormalFloat
BlinkCmpSignatureHelpBorder xxx links to NormalFloat
BlinkCmpSignatureHelpActiveParameter xxx links to LspSignatureActiveParameter
lualine_transitional_lualine_a_command_to_lualine_b_command xxx gui=nocombine guifg=#ffff87 guibg=#3f4758
lualine_transitional_lualine_b_command_to_lualine_c_normal xxx gui=nocombine guifg=#3f4758 guibg=#353b49
None           xxx cleared
BlinkCmpCursorLineMenuHack xxx guibg=#abb2bf
BlinkCmpLabel  xxx cleared
BlinkCmpLabelMatch xxx cleared
DiffviewFilePanelCounter xxx cterm=bold gui=bold guifg=#e9e8d2
DiffviewFilePanelFileName xxx guifg=#abb2bf
DiffviewDim1   xxx guifg=#646568
DiffviewPrimary xxx guifg=#87d7ff
DiffviewSecondary xxx guifg=#5faf5f
DiffviewFilePanelTitle xxx cterm=bold gui=bold guifg=#bf616a
DiffviewStatusLine xxx links to StatusLine
DiffviewStatusUnknown xxx links to DiffRemoved
DiffviewStatusDeleted xxx links to DiffRemoved
DiffviewStatusBroken xxx links to DiffRemoved
DiffviewStatusIgnored xxx links to Comment
DiffviewReference xxx links to Function
DiffviewEndOfBuffer xxx links to EndOfBuffer
DiffviewNormal xxx links to Normal
DiffviewNonText xxx links to NonText
DiffviewDiffText xxx links to DiffText
DiffviewDiffDelete xxx links to DiffDelete
DiffviewDiffChange xxx links to DiffChange
DiffviewDiffAdd xxx links to DiffAdd
DiffviewCursorLine xxx links to CursorLine
DiffviewStatusUnmerged xxx links to diffChanged
DiffviewSignColumn xxx links to Normal
DiffviewWinSeparator xxx links to WinSeparator
DiffviewFilePanelRootPath xxx links to DiffviewFilePanelTitle
DiffviewStatusLineNC xxx links to StatusLineNC
DiffviewFilePanelSelected xxx links to Type
DiffviewFilePanelPath xxx links to Comment
DiffviewFilePanelInsertions xxx links to DiffAdded
DiffviewFilePanelDeletions xxx links to DiffRemoved
DiffviewFilePanelConflicts xxx links to DiagnosticSignWarn
DiffviewFolderName xxx links to Directory
DiffviewFolderSign xxx links to PreProc
DiffviewHash   xxx links to Identifier
DiffviewReflogSelector xxx links to Special
DiffviewStatusAdded xxx links to DiffAdded
DiffviewStatusUntracked xxx links to DiffAdded
DiffviewStatusModified xxx links to diffChanged
DiffviewStatusRenamed xxx links to diffChanged
DiffviewStatusCopied xxx links to diffChanged
DiffviewStatusTypeChange xxx links to diffChanged
DiffviewDiffAddAsDelete xxx guifg=#ffd75f guibg=#282a2e
DiffviewDiffDeleteDim xxx links to Comment
DevIconDefault xxx ctermfg=66 guifg=#6d8086
DevIconVoid    xxx ctermfg=23 guifg=#295340
DevIconConf    xxx ctermfg=66 guifg=#6d8086
DevIconHtml    xxx ctermfg=196 guifg=#e44d26
DevIconBlender xxx ctermfg=208 guifg=#ea7600
DevIconJava    xxx ctermfg=167 guifg=#cc3e44
DevIconLocalization xxx ctermfg=31 guifg=#2596be
DevIconVue     xxx ctermfg=113 guifg=#8dc149
DevIconImage   xxx ctermfg=181 guifg=#d0bec8
DevIconOut     xxx ctermfg=124 guifg=#9f0500
DevIconPng     xxx ctermfg=140 guifg=#a074c4
DevIconJpg     xxx ctermfg=140 guifg=#a074c4
DevIconJpeg    xxx ctermfg=140 guifg=#a074c4
DevIconGif     xxx ctermfg=140 guifg=#a074c4
DevIconWebp    xxx ctermfg=140 guifg=#a074c4
DevIconASM     xxx ctermfg=31 guifg=#0091bd
DevIconAsciinema xxx ctermfg=208 guifg=#fd971f
DevIconPhp     xxx ctermfg=140 guifg=#a074c4
DevIconCsh     xxx ctermfg=240 guifg=#4d5a5e
DevIconDocx    xxx ctermfg=26 guifg=#185abd
DevIconJl      xxx ctermfg=133 guifg=#a270ba
DevIconcuda    xxx ctermfg=113 guifg=#89e051
DevIconHaxe    xxx ctermfg=208 guifg=#ea8220
DevIconGitCommit xxx ctermfg=196 guifg=#f54d27
DevIconKotlin  xxx ctermfg=99 guifg=#7f52ff
DevIconFsx     xxx ctermfg=74 guifg=#519aba
DevIconAPL     xxx ctermfg=35 guifg=#24a148
DevIconBrewfile xxx ctermfg=52 guifg=#701516
DevIconGitConfig xxx ctermfg=196 guifg=#f54d27
DevIconNodeModules xxx ctermfg=197 guifg=#e8274b
DevIconGemfile xxx ctermfg=52 guifg=#701516
DevIconProcfile xxx ctermfg=140 guifg=#a074c4
DevIconPyc     xxx ctermfg=222 guifg=#ffe291
DevIconPyo     xxx ctermfg=222 guifg=#ffe291
DevIconDoc     xxx ctermfg=26 guifg=#185abd
DevIconReScriptInterface xxx ctermfg=204 guifg=#f55385
DevIconSass    xxx ctermfg=204 guifg=#f55385
DevIconOpenTypeFont xxx ctermfg=255 guifg=#ececec
DevIconScheme  xxx ctermfg=255 guifg=#eeeeee
DevIconRakefile xxx ctermfg=52 guifg=#701516
DevIconBmp     xxx ctermfg=140 guifg=#a074c4
DevIconBicepParameters xxx ctermfg=133 guifg=#9f74b3
DevIconAvif    xxx ctermfg=140 guifg=#a074c4
DevIconPy.typed xxx ctermfg=214 guifg=#ffbc03
DevIconSystemVerilog xxx ctermfg=28 guifg=#019833
DevIconXlsx    xxx ctermfg=29 guifg=#207245
DevIconErb     xxx ctermfg=52 guifg=#701516
DevIconWebm    xxx ctermfg=208 guifg=#fd971f
DevIconWasm    xxx ctermfg=62 guifg=#5c4cdb
DevIconVagrantfile xxx ctermfg=27 guifg=#1563ff
DevIconMakefile xxx ctermfg=66 guifg=#6d8086
DevIconGodotTextScene xxx ctermfg=66 guifg=#6d8086
DevIconProlog  xxx ctermfg=179 guifg=#e4b854
DevIconSuo     xxx ctermfg=98 guifg=#854cc7
DevIconSublime xxx ctermfg=166 guifg=#e37933
DevIconStyl    xxx ctermfg=113 guifg=#8dc149
DevIconFennel  xxx ctermfg=230 guifg=#fff3d7
DevIconPrettierConfig xxx ctermfg=33 guifg=#4285f4
DevIconSig     xxx ctermfg=166 guifg=#e37933
DevIconSql     xxx ctermfg=188 guifg=#dad8d8
DevIconSml     xxx ctermfg=166 guifg=#e37933
DevIconSln     xxx ctermfg=98 guifg=#854cc7
DevIconLicense xxx ctermfg=185 guifg=#cbcb41
DevIconPNPMWorkspace xxx ctermfg=214 guifg=#f9ad02
DevIconRmd     xxx ctermfg=74 guifg=#519aba
DevIconNotebook xxx ctermfg=208 guifg=#f57d01
DevIconPyd     xxx ctermfg=222 guifg=#ffe291
DevIconIco     xxx ctermfg=185 guifg=#cbcb41
DevIconGodotTextResource xxx ctermfg=66 guifg=#6d8086
DevIconHexadecimal xxx ctermfg=27 guifg=#2e63ff
DevIconHbs     xxx ctermfg=202 guifg=#f0772b
DevIconPsb     xxx ctermfg=74 guifg=#519aba
DevIconHaml    xxx ctermfg=255 guifg=#eaeae1
DevIconPlaywrightConfig xxx ctermfg=34 guifg=#2fad33
DevIconPlatformio xxx ctermfg=208 guifg=#f6822b
DevIconFsscript xxx ctermfg=74 guifg=#519aba
DevIconObjectiveC xxx ctermfg=111 guifg=#599eff
DevIconWebpack xxx ctermfg=74 guifg=#519aba
DevIconTxt     xxx ctermfg=113 guifg=#89e051
DevIconXcPlayground xxx ctermfg=166 guifg=#e37933
DevIconMotoko  xxx ctermfg=135 guifg=#9772fb
DevIconGTK     xxx ctermfg=231 guifg=#ffffff
DevIconPackageLockJson xxx ctermfg=52 guifg=#7a0d21
DevIconElf     xxx ctermfg=124 guifg=#9f0500
DevIconNuxtConfig xxx ctermfg=42 guifg=#00c58e
DevIconRs      xxx ctermfg=216 guifg=#dea584
DevIconDunefile xxx ctermfg=124 guifg=#8a421e
DevIconDropbox xxx ctermfg=27 guifg=#0061fe
DevIconDrools  xxx ctermfg=217 guifg=#ffafaf
DevIconPulseCodeModulation xxx ctermfg=24 guifg=#0075aa
DevIconBat     xxx ctermfg=191 guifg=#c1f12e
DevIconNextConfigTs xxx ctermfg=231 guifg=#ffffff
DevIconHyprland xxx ctermfg=37 guifg=#00aaae
DevIconNextConfigJs xxx ctermfg=231 guifg=#ffffff
DevIconNorg    xxx ctermfg=32 guifg=#4878be
DevIconNextConfigCjs xxx ctermfg=231 guifg=#ffffff
DevIconGemspec xxx ctermfg=52 guifg=#701516
DevIconMpv     xxx ctermfg=53 guifg=#3b1342
DevIconGCode   xxx ctermfg=32 guifg=#1471ad
DevIconLinux   xxx ctermfg=231 guifg=#fdfdfb
DevIconMixLock xxx ctermfg=140 guifg=#a074c4
DevIconOggMultiplex xxx ctermfg=208 guifg=#fd971f
DevIconOggVideo xxx ctermfg=208 guifg=#fd971f
DevIconLXQtConfigFile xxx ctermfg=32 guifg=#0192d3
DevIconSha256  xxx ctermfg=103 guifg=#8c86af
DevIconLibreOfficeCalc xxx ctermfg=119 guifg=#78fc4e
DevIconOggVorbis xxx ctermfg=24 guifg=#0075aa
DevIconLXDEConfigFile xxx ctermfg=246 guifg=#909090
DevIconFIGletFontFormat xxx ctermfg=255 guifg=#ececec
DevIconKritarc xxx ctermfg=201 guifg=#f245fb
DevIconClojure xxx ctermfg=113 guifg=#8dc149
DevIconStep    xxx ctermfg=101 guifg=#839463
DevIconLibreOfficeImpress xxx ctermfg=215 guifg=#fe9c45
DevIconKritadisplayrc xxx ctermfg=201 guifg=#f245fb
DevIconKdenliverc xxx ctermfg=110 guifg=#83b8f2
DevIconFdmdownload xxx ctermfg=43 guifg=#44cda8
DevIconLibreOfficeGraphics xxx ctermfg=227 guifg=#fffb57
DevIconKdenliveLayoutsrc xxx ctermfg=110 guifg=#83b8f2
DevIconKDEglobals xxx ctermfg=32 guifg=#1c99f3
DevIconFreeCAD xxx ctermfg=160 guifg=#cb333b
DevIconKalgebrarc xxx ctermfg=32 guifg=#1c99f3
DevIconJustfile xxx ctermfg=66 guifg=#6d8086
DevIcon3DObjectFile xxx ctermfg=102 guifg=#888888
DevIconXorgConf xxx ctermfg=196 guifg=#e54d18
DevIconxmonad  xxx ctermfg=203 guifg=#fd4d5d
DevIconIndexTheme xxx ctermfg=35 guifg=#2db96f
DevIconExs     xxx ctermfg=140 guifg=#a074c4
DevIconXDPH    xxx ctermfg=37 guifg=#00aaae
DevIconi3      xxx ctermfg=255 guifg=#e8ebee
DevIconNfo     xxx ctermfg=230 guifg=#ffffcd
DevIconEpub    xxx ctermfg=215 guifg=#eab16d
DevIconI18nConfig xxx ctermfg=104 guifg=#7986cb
DevIconEmbeddedOpenTypeFont xxx ctermfg=255 guifg=#ececec
DevIconMts     xxx ctermfg=74 guifg=#519aba
DevIconWranglerConfig xxx ctermfg=208 guifg=#f48120
DevIconHyprsunset xxx ctermfg=37 guifg=#00aaae
DevIconGroovy  xxx ctermfg=24 guifg=#4a687c
DevIconWeston  xxx ctermfg=214 guifg=#ffbb01
DevIconMpp     xxx ctermfg=74 guifg=#519aba
DevIconElisp   xxx ctermfg=97 guifg=#8172be
DevIconPm      xxx ctermfg=74 guifg=#519aba
DevIconHypridle xxx ctermfg=37 guifg=#00aaae
DevIconMOV     xxx ctermfg=208 guifg=#fd971f
DevIconGulpfile xxx ctermfg=167 guifg=#cc3e44
DevIconMobi    xxx ctermfg=215 guifg=#eab16d
DevIconVitestConfig xxx ctermfg=106 guifg=#739b1b
DevIconTumbleweed xxx ctermfg=37 guifg=#35b9ab
DevIconMli     xxx ctermfg=166 guifg=#e37933
DevIconVercel  xxx ctermfg=231 guifg=#ffffff
DevIconMkv     xxx ctermfg=208 guifg=#fd971f
DevIconPyx     xxx ctermfg=39 guifg=#5aa7e4
DevIconMjs     xxx ctermfg=185 guifg=#f1e05a
DevIconGradleWrapperScript xxx ctermfg=24 guifg=#005f87
DevIconSlackware xxx ctermfg=61 guifg=#475fa9
DevIconTSConfig xxx ctermfg=74 guifg=#519aba
DevIconGradleWrapperProperties xxx ctermfg=24 guifg=#005f87
DevIconMd5     xxx ctermfg=103 guifg=#8c86af
DevIconGoWork  xxx ctermfg=38 guifg=#00add8
DevIconMd      xxx ctermfg=253 guifg=#dddddd
DevIconTmux    xxx ctermfg=34 guifg=#14ba19
DevIconTailwindConfig xxx ctermfg=45 guifg=#20c2e3
DevIconGoMod   xxx ctermfg=38 guifg=#00add8
DevIconMagnet  xxx ctermfg=124 guifg=#a51b16
DevIconKiCadFootprintTable xxx ctermfg=231 guifg=#ffffff
DevIconLock    xxx ctermfg=250 guifg=#bbbbbb
DevIconKiCadCache xxx ctermfg=231 guifg=#ffffff
DevIconMPEG4   xxx ctermfg=39 guifg=#00afff
DevIconM3u8    xxx ctermfg=211 guifg=#ed95ae
DevIconBicep   xxx ctermfg=74 guifg=#519aba
DevIconM3u     xxx ctermfg=211 guifg=#ed95ae
DevIconPuppyLinux xxx ctermfg=145 guifg=#a2aeb9
DevIconGradleSettings xxx ctermfg=24 guifg=#005f87
DevIconGleam   xxx ctermfg=219 guifg=#ffaff3
DevIconLua     xxx ctermfg=74 guifg=#51a0cf
DevIconpostmarketOS xxx ctermfg=28 guifg=#009900
DevIconLrc     xxx ctermfg=214 guifg=#ffb713
DevIconPop_OS  xxx ctermfg=73 guifg=#48b9c7
DevIconRobotsTxt xxx ctermfg=60 guifg=#5d7096
DevIconParrot  xxx ctermfg=45 guifg=#54deff
DevIconReadme  xxx ctermfg=255 guifg=#ededed
DevIconParabolaGNULinuxLibre xxx ctermfg=103 guifg=#797dac
DevIconLibrecadFontFile xxx ctermfg=255 guifg=#ececec
DevIconopenSUSE xxx ctermfg=70 guifg=#6fb424
DevIconKotlinScript xxx ctermfg=99 guifg=#7f52ff
DevIconTempl   xxx ctermfg=178 guifg=#dbbd30
DevIconSlim    xxx ctermfg=196 guifg=#e34c26
DevIconNobaraLinux xxx ctermfg=231 guifg=#ffffff
DevIconKsh     xxx ctermfg=240 guifg=#4d5a5e
DevIconKrita   xxx ctermfg=201 guifg=#f245fb
DevIconNixOS   xxx ctermfg=110 guifg=#7ab1db
DevIconKiCad   xxx ctermfg=231 guifg=#ffffff
DevIconDot     xxx ctermfg=24 guifg=#30638e
DevIconKdenlive xxx ctermfg=110 guifg=#83b8f2
DevIconKdbx    xxx ctermfg=71 guifg=#529b34
DevIconDockerfile xxx ctermfg=68 guifg=#458ee6
DevIconKdb     xxx ctermfg=71 guifg=#529b34
DevIconLocOS   xxx ctermfg=214 guifg=#fab402
DevIconKbx     xxx ctermfg=243 guifg=#737672
DevIconFish    xxx ctermfg=240 guifg=#4d5a5e
DevIconTypoScriptConfig xxx ctermfg=208 guifg=#ff8700
DevIconJpegXl  xxx ctermfg=140 guifg=#a074c4
DevIconLeap    xxx ctermfg=221 guifg=#fbc75d
DevIconJWM     xxx ctermfg=32 guifg=#0078cd
DevIconTorrent xxx ctermfg=43 guifg=#44cda8
DevIconDesktopEntry xxx ctermfg=54 guifg=#563d7c
DevIconStaticLibraryArchive xxx ctermfg=253 guifg=#dcddd6
DevIconDart    xxx ctermfg=25 guifg=#03589c
DevIconTgz     xxx ctermfg=214 guifg=#eca517
DevIconJar     xxx ctermfg=215 guifg=#ffaf67
DevIconSvelte  xxx ctermfg=196 guifg=#ff3e00
DevIconIxx     xxx ctermfg=74 guifg=#519aba
DevIconDownload xxx ctermfg=43 guifg=#44cda8
DevIconSolidity xxx ctermfg=74 guifg=#519aba
DevIconCsv     xxx ctermfg=113 guifg=#89e051
DevIconTestTs  xxx ctermfg=74 guifg=#519aba
DevIconJavaScriptReactTest xxx ctermfg=45 guifg=#20c2e3
DevIconTestJs  xxx ctermfg=185 guifg=#cbcb41
DevIconClangConfig xxx ctermfg=66 guifg=#6d8086
DevIconIgs     xxx ctermfg=101 guifg=#839463
DevIconIges    xxx ctermfg=101 guifg=#839463
DevIconTcl     xxx ctermfg=25 guifg=#1e5cb3
DevIconIge     xxx ctermfg=101 guifg=#839463
DevIconSvelteMarkdown xxx ctermfg=197 guifg=#ff0042
DevIconIfb     xxx ctermfg=18 guifg=#2b2e83
DevIconSvgz    xxx ctermfg=214 guifg=#ffb13b
DevIconIcs     xxx ctermfg=18 guifg=#2b2e83
DevIconIcalendar xxx ctermfg=18 guifg=#2b2e83
DevIconIcal    xxx ctermfg=18 guifg=#2b2e83
DevIconPdf     xxx ctermfg=124 guifg=#b30b00
DevIconHxx     xxx ctermfg=140 guifg=#a074c4
DevIconStorybookVue xxx ctermfg=204 guifg=#ff4785
DevIconVertexShader xxx ctermfg=67 guifg=#5586a6
DevIconBazelWorkspace xxx ctermfg=113 guifg=#89e051
DevIconFragmentShader xxx ctermfg=67 guifg=#5586a6
DevIconGeometryShader xxx ctermfg=67 guifg=#5586a6
DevIconVim     xxx ctermfg=28 guifg=#019833
DevIconStorybookSvelte xxx ctermfg=204 guifg=#ff4785
DevIconStorybookMjs xxx ctermfg=204 guifg=#ff4785
DevIconStorybookJsx xxx ctermfg=204 guifg=#ff4785
DevIconHrl     xxx ctermfg=163 guifg=#b83998
DevIconStorybookJavaScript xxx ctermfg=204 guifg=#ff4785
DevIconHpp     xxx ctermfg=140 guifg=#a074c4
DevIconSte     xxx ctermfg=101 guifg=#839463
DevIconOggSpeexAudio xxx ctermfg=24 guifg=#0075aa
DevIconTypeScriptReactSpec xxx ctermfg=26 guifg=#1354bf
DevIconSpecTs  xxx ctermfg=74 guifg=#519aba
DevIconJavaScriptReactSpec xxx ctermfg=45 guifg=#20c2e3
DevIconSpecJs  xxx ctermfg=185 guifg=#cbcb41
DevIconXslt    xxx ctermfg=74 guifg=#33a9dc
DevIconSvg     xxx ctermfg=214 guifg=#ffb13b
DevIconAwk     xxx ctermfg=240 guifg=#4d5a5e
DevIconSolveSpace xxx ctermfg=101 guifg=#839463
DevIconSlnx    xxx ctermfg=98 guifg=#854cc7
DevIconTypst   xxx ctermfg=37 guifg=#0dbcc0
DevIconSolidWorksPrt xxx ctermfg=101 guifg=#839463
DevIconTypeScript xxx ctermfg=74 guifg=#519aba
DevIconSolidWorksAsm xxx ctermfg=101 guifg=#839463
DevIconHTTP    xxx ctermfg=31 guifg=#008ec7
DevIconSketchUp xxx ctermfg=101 guifg=#839463
DevIconFs      xxx ctermfg=74 guifg=#519aba
DevIconSha512  xxx ctermfg=103 guifg=#8c86af
DevIconSha384  xxx ctermfg=103 guifg=#8c86af
DevIconAdaFile xxx ctermfg=111 guifg=#599eff
DevIconSha224  xxx ctermfg=103 guifg=#8c86af
DevIconTerminal xxx ctermfg=34 guifg=#31b53e
DevIconSha1    xxx ctermfg=103 guifg=#8c86af
DevIconScala   xxx ctermfg=167 guifg=#cc3e44
DevIconsbt     xxx ctermfg=167 guifg=#cc3e44
DevIconQt      xxx ctermfg=77 guifg=#40cd52
DevIconPy      xxx ctermfg=214 guifg=#ffbc03
DevIconPsScriptfile xxx ctermfg=68 guifg=#4273ca
DevIconRss     xxx ctermfg=215 guifg=#fb9d3b
DevIconLogos   xxx ctermfg=111 guifg=#599eff
DevIconPl      xxx ctermfg=74 guifg=#519aba
DevIconOpenBSD xxx ctermfg=220 guifg=#f2ca30
DevIconRacket  xxx ctermfg=124 guifg=#9f1d20
DevIconTex     xxx ctermfg=22 guifg=#3d6117
DevIconJsonc   xxx ctermfg=185 guifg=#cbcb41
DevIconJsx     xxx ctermfg=45 guifg=#20c2e3
DevIconLXQt    xxx ctermfg=32 guifg=#0191d2
DevIconRake    xxx ctermfg=52 guifg=#701516
DevIconZsh     xxx ctermfg=113 guifg=#89e051
DevIconGNOME   xxx ctermfg=231 guifg=#ffffff
DevIconZst     xxx ctermfg=214 guifg=#eca517
DevIconHs      xxx ctermfg=140 guifg=#a074c4
DevIconPyw     xxx ctermfg=39 guifg=#5aa7e4
DevIconZig     xxx ctermfg=172 guifg=#f69a1b
DevIconPyi     xxx ctermfg=214 guifg=#ffbc03
DevIconEx      xxx ctermfg=140 guifg=#a074c4
DevIconXz      xxx ctermfg=214 guifg=#eca517
DevIconUI      xxx ctermfg=27 guifg=#015bf0
DevIconPxd     xxx ctermfg=39 guifg=#5aa7e4
DevIconPub     xxx ctermfg=222 guifg=#e3c58e
DevIconPrisma  xxx ctermfg=62 guifg=#5a67d8
DevIconCss     xxx ctermfg=91 guifg=#663399
DevIconXpi     xxx ctermfg=196 guifg=#ff1b01
DevIconRb      xxx ctermfg=52 guifg=#701516
DevIconEex     xxx ctermfg=140 guifg=#a074c4
DevIconConfig  xxx ctermfg=66 guifg=#6d8086
DevIconQtile   xxx ctermfg=231 guifg=#ffffff
DevIconObjectFile xxx ctermfg=124 guifg=#9f0500
DevIconPptx    xxx ctermfg=160 guifg=#cb4a32
DevIconCs      xxx ctermfg=58 guifg=#596706
DevIconEnlightenment xxx ctermfg=231 guifg=#ffffff
DevIconSh      xxx ctermfg=240 guifg=#4d5a5e
DevIconGIMP    xxx ctermfg=240 guifg=#635b46
DevIcondwm     xxx ctermfg=31 guifg=#1177aa
DevIconXaml    xxx ctermfg=56 guifg=#512bd4
DevIconPls     xxx ctermfg=211 guifg=#ed95ae
DevIconLhs     xxx ctermfg=140 guifg=#a074c4
DevIconWavPackCorrection xxx ctermfg=39 guifg=#00afff
DevIconXresources xxx ctermfg=196 guifg=#e54d18
DevIconXauthority xxx ctermfg=196 guifg=#e54d18
DevIconSRCINFO xxx ctermfg=67 guifg=#0f94d2
DevIconAUTHORS xxx ctermfg=135 guifg=#a172ff
DevIconBuildProps xxx ctermfg=75 guifg=#00a2ff
DevIconBuildTargets xxx ctermfg=75 guifg=#00a2ff
DevIconPackagesProps xxx ctermfg=75 guifg=#00a2ff
DevIconJenkins xxx ctermfg=160 guifg=#d33833
DevIconPrusaSlicer xxx ctermfg=202 guifg=#ec6b23
DevIconPKGBUILD xxx ctermfg=67 guifg=#0f94d2
DevIconFreeCADConfig xxx ctermfg=160 guifg=#cb333b
DevIconWindowsMediaVideo xxx ctermfg=208 guifg=#fd971f
DevIconCPlusPlus xxx ctermfg=204 guifg=#f34b7d
DevIconWindowsMediaAudio xxx ctermfg=39 guifg=#00afff
DevIconCp      xxx ctermfg=74 guifg=#519aba
DevIconWebmanifest xxx ctermfg=185 guifg=#f1e05a
DevIconSub     xxx ctermfg=214 guifg=#ffb713
DevIconWaveformAudioFile xxx ctermfg=39 guifg=#00afff
DevIconAndroid xxx ctermfg=35 guifg=#34a853
DevIconDump    xxx ctermfg=188 guifg=#dad8d8
DevIconVsix    xxx ctermfg=98 guifg=#854cc7
DevIconVlang   xxx ctermfg=67 guifg=#5d87bf
DevIconC       xxx ctermfg=111 guifg=#599eff
DevIconLabView xxx ctermfg=220 guifg=#fec60a
DevIconVerilog xxx ctermfg=28 guifg=#019833
DevIconTypoScript xxx ctermfg=208 guifg=#ff8700
DevIconLog     xxx ctermfg=253 guifg=#dddddd
DevIconH       xxx ctermfg=140 guifg=#a074c4
DevIconTxz     xxx ctermfg=214 guifg=#eca517
DevIconTrueTypeFont xxx ctermfg=255 guifg=#ececec
DevIconTwig    xxx ctermfg=113 guifg=#8dc149
DevIconOdin    xxx ctermfg=32 guifg=#3882d2
DevIconOpenSCAD xxx ctermfg=220 guifg=#f9d72c
DevIconFsi     xxx ctermfg=74 guifg=#519aba
DevIconHurl    xxx ctermfg=198 guifg=#ff0288
DevIconFsharp  xxx ctermfg=74 guifg=#519aba
DevIconLibreOfficeWriter xxx ctermfg=81 guifg=#2dcbfd
DevIconDiff    xxx ctermfg=239 guifg=#41535b
DevIconPart    xxx ctermfg=43 guifg=#44cda8
DevIconFreeLosslessAudioCodec xxx ctermfg=24 guifg=#0075aa
DevIconHyprlandd xxx ctermfg=37 guifg=#00aaae
DevIconNushell xxx ctermfg=36 guifg=#3aa675
DevIconPackedResource xxx ctermfg=66 guifg=#6d8086
DevIconEslintrc xxx ctermfg=56 guifg=#4b32c3
DevIconPatch   xxx ctermfg=239 guifg=#41535b
DevIconSvelteConfig xxx ctermfg=196 guifg=#ff3e00
DevIconSecurity xxx ctermfg=251 guifg=#bec4c9
DevIconNix     xxx ctermfg=110 guifg=#7ebae4
DevIconArch    xxx ctermfg=67 guifg=#0f94d2
DevIconMarkdown xxx ctermfg=253 guifg=#dddddd
DevIconCobol   xxx ctermfg=25 guifg=#005ca5
DevIconGodotProject xxx ctermfg=66 guifg=#6d8086
DevIconLinuxKernelObject xxx ctermfg=253 guifg=#dcddd6
DevIconScalaScript xxx ctermfg=167 guifg=#cc3e44
DevIconWebOpenFontFormat xxx ctermfg=255 guifg=#ececec
DevIconManjaro xxx ctermfg=35 guifg=#33b959
DevIconHyperbolaGNULinuxLibre xxx ctermfg=250 guifg=#c0c0c0
DevIconWindows xxx ctermfg=39 guifg=#00a4ef
DevIconSabayon xxx ctermfg=251 guifg=#c6c6c6
DevIconBlueprint xxx ctermfg=68 guifg=#5796e2
DevIconNim     xxx ctermfg=220 guifg=#f3d400
DevIconLXLE    xxx ctermfg=238 guifg=#474747
DevIconRockyLinux xxx ctermfg=36 guifg=#0fb37d
DevIconRedhat  xxx ctermfg=196 guifg=#ee0000
DevIconGentooBuild xxx ctermfg=60 guifg=#4c416e
DevIconCue     xxx ctermfg=211 guifg=#ed95ae
DevIconKubuntu xxx ctermfg=32 guifg=#007ac2
DevIconBzl     xxx ctermfg=113 guifg=#89e051
DevIconQuery   xxx ctermfg=107 guifg=#90a850
DevIconDevuan  xxx ctermfg=238 guifg=#404a52
DevIconNano    xxx ctermfg=54 guifg=#440077
DevIconGz      xxx ctermfg=214 guifg=#eca517
DevIconScss    xxx ctermfg=204 guifg=#f55385
DevIconTypeScriptReactTest xxx ctermfg=26 guifg=#1354bf
DevIconGraphQL xxx ctermfg=199 guifg=#e535ab
DevIconFavicon xxx ctermfg=185 guifg=#cbcb41
DevIconKDEneon xxx ctermfg=37 guifg=#20a6a4
DevIconBinaryGLTF xxx ctermfg=214 guifg=#ffb13b
DevIconMageia  xxx ctermfg=67 guifg=#2397d4
DevIconUbuntu  xxx ctermfg=196 guifg=#dd4814
DevIconHtm     xxx ctermfg=196 guifg=#e34c26
DevIconXml     xxx ctermfg=166 guifg=#e37933
DevIconLuacheckrc xxx ctermfg=75 guifg=#00a2ff
DevIconTrisquelGNULinux xxx ctermfg=25 guifg=#0f58b6
DevIconObjectiveCPlusPlus xxx ctermfg=74 guifg=#519aba
DevIconMustache xxx ctermfg=166 guifg=#e37933
DevIconFluxbox xxx ctermfg=240 guifg=#555555
DevIconPsScriptModulefile xxx ctermfg=68 guifg=#6975c4
DevIconAi      xxx ctermfg=185 guifg=#cbcb41
DevIconCache   xxx ctermfg=231 guifg=#ffffff
DevIconSolus   xxx ctermfg=239 guifg=#4b5163
DevIconMint    xxx ctermfg=108 guifg=#87c095
DevIconTsx     xxx ctermfg=26 guifg=#1354bf
DevIconCheckhealth xxx ctermfg=75 guifg=#75b4fb
DevIconMl      xxx ctermfg=166 guifg=#e37933
DevIconBudgie  xxx ctermfg=240 guifg=#4e5361
DevIconawesome xxx ctermfg=59 guifg=#535d6c
DevIconLuau    xxx ctermfg=75 guifg=#00a2ff
DevIconSway    xxx ctermfg=64 guifg=#68751c
DevIconHh      xxx ctermfg=140 guifg=#a074c4
DevIconVHDL    xxx ctermfg=28 guifg=#019833
DevIconZip     xxx ctermfg=214 guifg=#eca517
DevIconArduino xxx ctermfg=73 guifg=#56b6c2
DevIconTor     xxx ctermfg=74 guifg=#519aba
DevIconD       xxx ctermfg=124 guifg=#b03931
DevIconBibTeX  xxx ctermfg=185 guifg=#cbcb41
DevIconHyprlock xxx ctermfg=37 guifg=#00aaae
DevIconGo      xxx ctermfg=38 guifg=#00add8
DevIconEpp     xxx ctermfg=214 guifg=#ffa61a
DevIconJs      xxx ctermfg=185 guifg=#cbcb41
DevIconGitLogo xxx ctermfg=196 guifg=#f14c28
DevIconGitModules xxx ctermfg=196 guifg=#f54d27
DevIconBazel   xxx ctermfg=113 guifg=#89e051
DevIconTFVars  xxx ctermfg=93 guifg=#5f43e9
DevIconTemplate xxx ctermfg=178 guifg=#dbbd30
DevIconHuff    xxx ctermfg=56 guifg=#4242c7
DevIconLiquid  xxx ctermfg=106 guifg=#95bf47
DevIconBackup  xxx ctermfg=66 guifg=#6d8086
DevIconBz      xxx ctermfg=214 guifg=#eca517
DevIconGitBlameIgnore xxx ctermfg=196 guifg=#f54d27
DevIconBoundaryRepresentation xxx ctermfg=101 guifg=#839463
DevIconAzureCli xxx ctermfg=32 guifg=#0078d4
DevIconcudah   xxx ctermfg=140 guifg=#a074c4
DevIconSignature xxx ctermfg=166 guifg=#e37933
DevIconJson    xxx ctermfg=185 guifg=#cbcb41
DevIconStorybookTypeScript xxx ctermfg=204 guifg=#ff4785
DevIconDockerIgnore xxx ctermfg=68 guifg=#458ee6
DevIconCSharpProject xxx ctermfg=56 guifg=#512bd4
DevIconDll     xxx ctermfg=52 guifg=#4d2c0b
DevIconRazorPage xxx ctermfg=56 guifg=#512bd4
DevIconGv      xxx ctermfg=24 guifg=#30638e
DevIconApp     xxx ctermfg=124 guifg=#9f0500
DevIconBlade   xxx ctermfg=203 guifg=#f05340
DevIconDconf   xxx ctermfg=231 guifg=#ffffff
DevIconGvimrc  xxx ctermfg=28 guifg=#019833
DevIconDb      xxx ctermfg=188 guifg=#dad8d8
DevIconKali    xxx ctermfg=69 guifg=#2777ff
DevIconIni     xxx ctermfg=66 guifg=#6d8086
DevIconGitlabCI xxx ctermfg=196 guifg=#e24329
DevIconTypeScriptDeclaration xxx ctermfg=172 guifg=#d59855
DevIconIllumos xxx ctermfg=196 guifg=#ff430f
DevIconCppm    xxx ctermfg=74 guifg=#519aba
DevIconBabelrc xxx ctermfg=185 guifg=#cbcb41
DevIconCxxm    xxx ctermfg=74 guifg=#519aba
DevIconFreeBSD xxx ctermfg=160 guifg=#c90f02
DevIconCxx     xxx ctermfg=74 guifg=#519aba
DevIconCMake   xxx ctermfg=254 guifg=#dce3eb
DevIconGuix    xxx ctermfg=220 guifg=#ffcc00
DevIconCinnamon xxx ctermfg=166 guifg=#dc682e
DevIconEnv     xxx ctermfg=227 guifg=#faf743
DevIconCts     xxx ctermfg=74 guifg=#519aba
DevIconGentoo  xxx ctermfg=146 guifg=#b1abce
DevIconCowsayFile xxx ctermfg=130 guifg=#965824
DevIconAss     xxx ctermfg=214 guifg=#ffb713
DevIconGarudaLinux xxx ctermfg=33 guifg=#2974e1
DevIconDsStore xxx ctermfg=239 guifg=#41535b
DevIconAsc     xxx ctermfg=242 guifg=#576d7f
DevIconGPRBuildProject xxx ctermfg=66 guifg=#6d8086
DevIconConda   xxx ctermfg=34 guifg=#43b02a
DevIconAppleScript xxx ctermfg=66 guifg=#6d8085
DevIconFedora  xxx ctermfg=17 guifg=#072a5e
DevIconCodespell xxx ctermfg=41 guifg=#35da60
DevIconCrdownload xxx ctermfg=43 guifg=#44cda8
DevIconEndeavour xxx ctermfg=91 guifg=#7b3db9
DevIconapk     xxx ctermfg=35 guifg=#34a853
DevIconClojureJS xxx ctermfg=74 guifg=#519aba
DevIconBashrc  xxx ctermfg=113 guifg=#89e051
DevIconMonkeysAudio xxx ctermfg=39 guifg=#00afff
DevIconBashProfile xxx ctermfg=113 guifg=#89e051
DevIconJson5   xxx ctermfg=185 guifg=#cbcb41
DevIconAudioInterchangeFileFormat xxx ctermfg=39 guifg=#00afff
DevIconIfc     xxx ctermfg=101 guifg=#839463
DevIconXls     xxx ctermfg=29 guifg=#207245
DevIconDeepin  xxx ctermfg=39 guifg=#2ca7f8
DevIconAdaSpecification xxx ctermfg=140 guifg=#a074c4
DevIconConfigRu xxx ctermfg=52 guifg=#701516
DevIconAdaBody xxx ctermfg=111 guifg=#599eff
DevIconDebian  xxx ctermfg=88 guifg=#a80030
DevIconViteConfig xxx ctermfg=214 guifg=#ffa800
DevIconElm     xxx ctermfg=74 guifg=#519aba
DevIconCrystalLinux xxx ctermfg=129 guifg=#a900ff
DevIconImg     xxx ctermfg=181 guifg=#d0bec8
DevIconBigLinux xxx ctermfg=38 guifg=#189fc8
DevIconCjs     xxx ctermfg=185 guifg=#cbcb41
DevIconXul     xxx ctermfg=166 guifg=#e37933
DevIconColdFusionTag xxx ctermfg=38 guifg=#01a4ba
DevIconArtix   xxx ctermfg=38 guifg=#41b4d7
DevIconYaml    xxx ctermfg=160 guifg=#d70000
DevIconSwift   xxx ctermfg=166 guifg=#e37933
DevIconColdFusionScript xxx ctermfg=38 guifg=#01a4ba
DevIconMojo    xxx ctermfg=196 guifg=#ff4c1f
DevIconCPlusPlusModule xxx ctermfg=204 guifg=#f34b7d
DevIconZorin   xxx ctermfg=39 guifg=#14a1e8
DevIconArchlabs xxx ctermfg=238 guifg=#503f42
DevIconXeroLinux xxx ctermfg=104 guifg=#888fe2
DevIconArchcraft xxx ctermfg=108 guifg=#86bba3
DevIconCpp     xxx ctermfg=74 guifg=#519aba
DevIconRasi    xxx ctermfg=185 guifg=#cbcb41
DevIconBz3     xxx ctermfg=214 guifg=#eca517
DevIconApple   xxx ctermfg=248 guifg=#a2aaad
DevIconBz2     xxx ctermfg=214 guifg=#eca517
DevIconConfiguration xxx ctermfg=66 guifg=#6d8086
DevIconVanillaOS xxx ctermfg=214 guifg=#fabd4d
DevIconAOSC    xxx ctermfg=124 guifg=#c00000
DevIconHeex    xxx ctermfg=140 guifg=#a074c4
DevIconKiCadSymbolTable xxx ctermfg=231 guifg=#ffffff
DevIconTypoScriptSetup xxx ctermfg=208 guifg=#ff8700
DevIconAlpine  xxx ctermfg=24 guifg=#0d597f
DevIconEditorConfig xxx ctermfg=255 guifg=#fff2f2
DevIconEslintIgnore xxx ctermfg=56 guifg=#4b32c3
DevIconAlmalinux xxx ctermfg=203 guifg=#ff4649
DevIconGoSum   xxx ctermfg=38 guifg=#00add8
DevIconGitIgnore xxx ctermfg=196 guifg=#f54d27
DevIconTerraform xxx ctermfg=93 guifg=#5f43e9
DevIconCson    xxx ctermfg=185 guifg=#cbcb41
DevIconIonic   xxx ctermfg=33 guifg=#4f8ff7
DevIconCommitlintConfig xxx ctermfg=30 guifg=#2b9689
DevIconXfce    xxx ctermfg=74 guifg=#00aadf
DevIconBSPWM   xxx ctermfg=236 guifg=#2f2f2f
DevIconHyprpaper xxx ctermfg=37 guifg=#00aaae
DevIconKDEPlasma xxx ctermfg=33 guifg=#1b89f4
DevIconCodeOfConduct xxx ctermfg=161 guifg=#e41662
DevIconVLC     xxx ctermfg=208 guifg=#ee7a00
DevIconMATE    xxx ctermfg=113 guifg=#9bda5c
DevIconPrismaConfig xxx ctermfg=62 guifg=#5a67d8
DevIconCMakeLists xxx ctermfg=254 guifg=#dce3eb
DevIconAutoCADDwg xxx ctermfg=101 guifg=#839463
DevIconAutoCADDxf xxx ctermfg=101 guifg=#839463
DevIconEbook   xxx ctermfg=215 guifg=#eab16d
DevIconWavPack xxx ctermfg=39 guifg=#00afff
DevIconCantorrc xxx ctermfg=32 guifg=#1c99f3
DevIconVRML    xxx ctermfg=102 guifg=#888888
DevIconBunLockfile xxx ctermfg=253 guifg=#eadcd1
DevIconXcLocalization xxx ctermfg=31 guifg=#2596be
DevIconBash    xxx ctermfg=113 guifg=#89e051
DevIconZigObjectNotation xxx ctermfg=172 guifg=#f69a1b
DevIconOpusAudioFile xxx ctermfg=24 guifg=#0075aa
DevIconOrgMode xxx ctermfg=73 guifg=#77aa99
DevIconThunderbird xxx ctermfg=33 guifg=#137be1
DevIconGradleBuildScript xxx ctermfg=24 guifg=#005f87
DevIconOpenGLShadingLanguage xxx ctermfg=67 guifg=#5586a6
DevIconInfo    xxx ctermfg=230 guifg=#ffffcd
DevIconVimrc   xxx ctermfg=28 guifg=#019833
DevIconExe     xxx ctermfg=124 guifg=#9f0500
DevIconArcoLinux xxx ctermfg=68 guifg=#6690eb
DevIconToml    xxx ctermfg=124 guifg=#9c4221
DevIconStp     xxx ctermfg=101 guifg=#839463
DevIconFusion360 xxx ctermfg=101 guifg=#839463
DevIconClojureC xxx ctermfg=113 guifg=#8dc149
DevIconClojureDart xxx ctermfg=74 guifg=#519aba
DevIcon3gp     xxx ctermfg=208 guifg=#fd971f
DevIconNswag   xxx ctermfg=112 guifg=#85ea2d
DevIconAdvancedAudioCoding xxx ctermfg=39 guifg=#00afff
DevIconBin     xxx ctermfg=124 guifg=#9f0500
DevIconElementary xxx ctermfg=67 guifg=#5890c2
DevIconMdx     xxx ctermfg=74 guifg=#519aba
DevIconPsManifestfile xxx ctermfg=68 guifg=#6975c4
DevIconReScript xxx ctermfg=167 guifg=#cc3e44
DevIconFortran xxx ctermfg=97 guifg=#734f96
DevIconFeature xxx ctermfg=34 guifg=#00a818
DevIconFIGletFontControl xxx ctermfg=255 guifg=#ececec
DevIconLeex    xxx ctermfg=140 guifg=#a074c4
DevIconRlib    xxx ctermfg=216 guifg=#dea584
DevIconErl     xxx ctermfg=163 guifg=#b83998
DevIconLXDE    xxx ctermfg=248 guifg=#a4a4a4
DevIconRar     xxx ctermfg=214 guifg=#eca517
DevIconMaven   xxx ctermfg=52 guifg=#7a0d21
DevIconGitAttributes xxx ctermfg=196 guifg=#f54d27
DevIconPackageJson xxx ctermfg=197 guifg=#e8274b
DevIconRproj   xxx ctermfg=29 guifg=#358a5b
DevIconPpt     xxx ctermfg=160 guifg=#cb4a32
DevIcon7z      xxx ctermfg=214 guifg=#eca517
DevIconZshrc   xxx ctermfg=113 guifg=#89e051
DevIconCoffee  xxx ctermfg=185 guifg=#cbcb41
DevIconZshenv  xxx ctermfg=113 guifg=#89e051
DevIconSrt     xxx ctermfg=214 guifg=#ffb713
DevIconZshprofile xxx ctermfg=113 guifg=#89e051
DevIconXsession xxx ctermfg=196 guifg=#e54d18
DevIconR       xxx ctermfg=25 guifg=#2266ba
DevIconXInitrc xxx ctermfg=196 guifg=#e54d18
DevIconSettingsJson xxx ctermfg=98 guifg=#854cc7
DevIconLess    xxx ctermfg=54 guifg=#563d7c
DevIconImportConfiguration xxx ctermfg=255 guifg=#ececec
DevIconPyLintConfig xxx ctermfg=66 guifg=#6d8086
DevIconMXLinux xxx ctermfg=231 guifg=#ffffff
DevIconPrettierIgnore xxx ctermfg=33 guifg=#4285f4
DevIconRaspberryPiOS xxx ctermfg=161 guifg=#be1848
DevIconPreCommitConfig xxx ctermfg=214 guifg=#f8b424
DevIconIso     xxx ctermfg=181 guifg=#d0bec8
DevIconStorybookTsx xxx ctermfg=204 guifg=#ff4785
DevIconPNPMFile xxx ctermfg=214 guifg=#f9ad02
DevIconBazelBuild xxx ctermfg=113 guifg=#89e051
DevIconnode    xxx ctermfg=71 guifg=#5fa04e
DevIconSharedObject xxx ctermfg=253 guifg=#dcddd6
DevIconNPMrc   xxx ctermfg=197 guifg=#e8274b
DevIconNPMIgnore xxx ctermfg=197 guifg=#e8274b
DevIconM4V     xxx ctermfg=208 guifg=#fd971f
DevIconAstro   xxx ctermfg=197 guifg=#e23f67
DevIconGruntfile xxx ctermfg=166 guifg=#e37933
DevIconMailmap xxx ctermfg=196 guifg=#f54d27
DevIconPp      xxx ctermfg=214 guifg=#ffa61a
DevIconEdn     xxx ctermfg=74 guifg=#519aba
DevIconLuaurc  xxx ctermfg=75 guifg=#00a2ff
DevIconMPEGAudioLayerIII xxx ctermfg=39 guifg=#00afff
DevIconMp4     xxx ctermfg=208 guifg=#fd971f
DevIconGradle  xxx ctermfg=24 guifg=#005f87
DevIconCentos  xxx ctermfg=132 guifg=#a2518d
DevIconGDScript xxx ctermfg=66 guifg=#6d8086
DevIconXSettingsdConf xxx ctermfg=196 guifg=#e54d18
DevIconTails   xxx ctermfg=54 guifg=#56347c
DevIconLibreOfficeFormula xxx ctermfg=204 guifg=#ff5a96
DevIconEjs     xxx ctermfg=185 guifg=#cbcb41
DevIconQubesOS xxx ctermfg=33 guifg=#3774d8
DevIconPsd     xxx ctermfg=74 guifg=#519aba
DevIconYml     xxx ctermfg=160 guifg=#d70000
DevIconGradleProperties xxx ctermfg=24 guifg=#005f87
DevIconCrystal xxx ctermfg=251 guifg=#c8c8c8
DevIconPNPMLock xxx ctermfg=214 guifg=#f9ad02
DevIconriver   xxx ctermfg=16 guifg=#000000
DevIconLib     xxx ctermfg=52 guifg=#4d2c0b
DevIconVala    xxx ctermfg=91 guifg=#7b3db9
DevIconMaterial xxx ctermfg=163 guifg=#b83998
DevIconSsa     xxx ctermfg=214 guifg=#ffb713
DevIconPxi     xxx ctermfg=39 guifg=#5aa7e4
lualine_x_filetype_DevIconDefault_normal xxx gui=nocombine guifg=#6d8086 guibg=#353b49
lualine_x_filetype_DevIconDefault_insert xxx gui=nocombine guifg=#6d8086 guibg=#353b49
lualine_x_filetype_DevIconDefault_visual xxx gui=nocombine guifg=#6d8086 guibg=#353b49
lualine_x_filetype_DevIconDefault_replace xxx gui=nocombine guifg=#6d8086 guibg=#353b49
lualine_x_filetype_DevIconDefault_command xxx gui=nocombine guifg=#6d8086 guibg=#353b49
lualine_x_filetype_DevIconDefault_terminal xxx gui=nocombine guifg=#6d8086 guibg=#353b49
lualine_x_filetype_DevIconDefault_inactive xxx gui=nocombine guifg=#6d8086 guibg=#353b49
lualine_transitional_lualine_a_normal_to_lualine_c_normal xxx gui=nocombine guifg=#87d7ff guibg=#353b49
@spell         xxx cleared
colorizer_mb_2b3339 xxx guifg=White guibg=#2b3339
colorizer_mb_31353f xxx guifg=White guibg=#31353f
colorizer_mb_abb2bf xxx guifg=Black guibg=#abb2bf
colorizer_mb_e9e8d2 xxx guifg=Black guibg=#e9e8d2
colorizer_mb_5c6370 xxx guifg=White guibg=#5c6370
colorizer_mb_646568 xxx guifg=White guibg=#646568
colorizer_mb_6c7a96 xxx guifg=White guibg=#6c7a96
colorizer_mb_5e81ac xxx guifg=White guibg=#5e81ac
colorizer_mb_87afd7 xxx guifg=Black guibg=#87afd7
colorizer_mb_87d7ff xxx guifg=Black guibg=#87d7ff
colorizer_mb_88c0d0 xxx guifg=Black guibg=#88c0d0
colorizer_mb_5faf5f xxx guifg=Black guibg=#5faf5f
colorizer_mb_afd787 xxx guifg=Black guibg=#afd787
colorizer_mb_ffd75f xxx guifg=Black guibg=#ffd75f
colorizer_mb_ffff87 xxx guifg=Black guibg=#ffff87
colorizer_mb_ebcb8b xxx guifg=Black guibg=#ebcb8b
colorizer_mb_ffaf5f xxx guifg=Black guibg=#ffaf5f
colorizer_mb_bf616a xxx guifg=White guibg=#bf616a
colorizer_mb_d75f5f xxx guifg=Black guibg=#d75f5f
colorizer_mb_e85b7a xxx guifg=Black guibg=#e85b7a
colorizer_mb_e44675 xxx guifg=White guibg=#e44675
colorizer_mb_b988b0 xxx guifg=Black guibg=#b988b0
colorizer_mb_394e3d xxx guifg=White guibg=#394e3d
colorizer_mb_39495d xxx guifg=White guibg=#39495d
colorizer_mb_4d2b2e xxx guifg=White guibg=#4d2b2e
colorizer_mb_405d7e xxx guifg=White guibg=#405d7e
colorizer_mb_353b49 xxx guifg=White guibg=#353b49
colorizer_mb_3b4252 xxx guifg=White guibg=#3b4252
colorizer_mb_3f4758 xxx guifg=White guibg=#3f4758
colorizer_mb_434c5e xxx guifg=White guibg=#434c5e
colorizer_mb_3a4248 xxx guifg=White guibg=#3a4248
colorizer_mb_282a2e xxx guifg=White guibg=#282a2e
@nospell       xxx cleared
lualine_x_filetype_DevIconLua_normal xxx gui=nocombine guifg=#51a0cf guibg=#353b49
lualine_x_filetype_DevIconLua_insert xxx gui=nocombine guifg=#51a0cf guibg=#353b49
lualine_x_filetype_DevIconLua_visual xxx gui=nocombine guifg=#51a0cf guibg=#353b49
lualine_x_filetype_DevIconLua_replace xxx gui=nocombine guifg=#51a0cf guibg=#353b49
lualine_x_filetype_DevIconLua_command xxx gui=nocombine guifg=#51a0cf guibg=#353b49
lualine_x_filetype_DevIconLua_terminal xxx gui=nocombine guifg=#51a0cf guibg=#353b49
lualine_x_filetype_DevIconLua_inactive xxx gui=nocombine guifg=#51a0cf guibg=#353b49
lualine_transitional_lualine_a_command_to_lualine_c_normal xxx gui=nocombine guifg=#ffff87 guibg=#353b49
